<?xml version="1.0" encoding="UTF-8"?>
<beans xmlns="http://www.springframework.org/schema/beans"
    xmlns:mvc="http://www.springframework.org/schema/mvc"
    xmlns:xsi="http://www.w3.org/2001/XMLSchema-instance"
    xmlns:context="http://www.springframework.org/schema/context"

	xsi:schemaLocation="
        http://www.springframework.org/schema/beans
        http://www.springframework.org/schema/beans/spring-beans.xsd
        http://www.springframework.org/schema/mvc
        http://www.springframework.org/schema/mvc/spring-mvc.xsd
        http://www.springframework.org/schema/context
        http://www.springframework.org/schema/context/spring-context.xsd">
    <!-- 启动注解 -->    
    <context:component-scan base-package="test.mvc.Controller"/>
    <mvc:annotation-driven />    

    <!-- <mvc:annotation-driven /> 会自动注册DefaultAnnotationHandlerMapping与AnnotationMethodHandlerAdapter 两个bean,是spring MVC为@Controllers分发请求所必须的。并提供了：数据绑定支持，@NumberFormatannotation支持，@DateTimeFormat支持，@Valid支持，读写XML的支持（JAXB），读写JSON的支持（Jackson） -->
    <!-- 完成请求和注解POJO的映射 -->
    <!-- 
    <bean class="org.springframework.web.servlet.mvc.annotation.AnnotationMethodHandlerAdapter" />
    -->
    <bean id="viewResolver" class="org.springframework.web.servlet.view.InternalResourceViewResolver">
         <property name="prefix" value="/WEB-INF/templates/" />
          
         <property name="suffix" value=".jsp" />    
         <property name="viewClass" value="org.springframework.web.servlet.view.JstlView"/>  
     </bean>
  
</beans>